Request method:	GET
Request URI:	https://api.trello.com/1/boards/661b5b3982192b7a94938f42?key=bc6100b9d84a956058b0bf6d09a7cf5e&token=ATTA05acf788a09395ffa43e1c679a8bea9f42f4c63fbf4d29b6ce76004adf8c1b25588B1C1B
Proxy:			<none>
Request params:	key=bc6100b9d84a956058b0bf6d09a7cf5e
				token=ATTA05acf788a09395ffa43e1c679a8bea9f42f4c63fbf4d29b6ce76004adf8c1b25588B1C1B
Query params:	<none>
Form params:	<none>
Path params:	<none>
Headers:		Accept=*/*
Cookies:		<none>
Multiparts:		<none>
Body:			<none>
#####################################HTTP/1.1 200 OK
Content-Type: application/json; charset=utf-8
Content-Length: 1585
Connection: keep-alive
Date: Sat, 20 Apr 2024 10:38:00 GMT
Referrer-Policy: strict-origin-when-cross-origin
X-Dns-Prefetch-Control: off
X-Download-Options: noopen
X-Frame-Options: DENY
X-Permitted-Cross-Domain-Policies: none
Surrogate-Control: no-store
Cache-Control: max-age=0, must-revalidate, no-cache, no-store
Expires: Thu, 01 Jan 1970 00:00:00
X-Trello-Version: 1.274223.0
X-Trello-Environment: Production
Set-Cookie: dsc=deb9da625e7a12cf8ff00bbe90c862aa9d7bd1277517534915d0363196cb3ce5; Path=/; Expires=Sat, 04 May 2024 10:38:00 GMT; Secure; SameSite=None
Access-Control-Allow-Origin: *
Access-Control-Allow-Methods: GET, PUT, POST, DELETE
Access-Control-Allow-Headers: Authorization, Accept, Content-Type
Access-Control-Expose-Headers: x-rate-limit-api-key-interval-ms, x-rate-limit-api-key-max, x-rate-limit-api-key-remaining, x-rate-limit-api-token-interval-ms, x-rate-limit-api-token-max, x-rate-limit-api-token-remaining
X-Rate-Limit-Api-Token-Interval-Ms: 10000
X-Rate-Limit-Api-Token-Max: 100
X-Rate-Limit-Api-Token-Remaining: 99
X-Rate-Limit-Db-Query-Time-Interval-Ms: 600000
X-Rate-Limit-Db-Query-Time-Max: 7200000
X-Rate-Limit-Db-Query-Time-Remaining: 7199990
X-Rate-Limit-Api-Key-Interval-Ms: 10000
X-Rate-Limit-Api-Key-Max: 300
X-Rate-Limit-Api-Key-Remaining: 299
X-Rate-Limit-Member-Interval-Ms: 10000
X-Rate-Limit-Member-Max: 375
X-Rate-Limit-Member-Remaining: 374
X-Server-Time: 1713609480198
Server: AtlassianEdge
X-Content-Type-Options: nosniff
X-Xss-Protection: 1; mode=block
Atl-Traceid: fc678e1297ab4cdb9c58eebff2aa80b9
Strict-Transport-Security: max-age=63072000; preload
Report-To: {"endpoints": [{"url": "https://dz8aopenkvv6s.cloudfront.net"}], "group": "endpoint-1", "include_subdomains": true, "max_age": 600}
Nel: {"failure_fraction": 0.001, "include_subdomains": true, "max_age": 600, "report_to": "endpoint-1"}
X-Cache: Miss from cloudfront
Via: 1.1 688d7c1fd7470fe709c12270e764ca02.cloudfront.net (CloudFront)
X-Amz-Cf-Pop: MAA51-P3
X-Amz-Cf-Id: pyGnN3k36Hl86RGsm_CciGYFuq8_iwTsvxRJlJPd3e8HcXMPHZLcVg==

{
    "id": "661b5b3982192b7a94938f42",
    "name": "PostMan-Dashboard-New",
    "desc": "",
    "descData": null,
    "closed": false,
    "idOrganization": "6092c51ec5be6965c23bd18c",
    "idEnterprise": null,
    "pinned": false,
    "url": "https://trello.com/b/WAaCr3bU/postman-dashboard-new",
    "shortUrl": "https://trello.com/b/WAaCr3bU",
    "prefs": {
        "permissionLevel": "private",
        "hideVotes": false,
        "voting": "disabled",
        "comments": "members",
        "invitations": "members",
        "selfJoin": true,
        "cardCovers": true,
        "cardCounts": false,
        "isTemplate": false,
        "cardAging": "regular",
        "calendarFeedEnabled": false,
        "hiddenPluginBoardButtons": [
            
        ],
        "switcherViews": [
            {
                "viewType": "Board",
                "enabled": true
            },
            {
                "viewType": "Table",
                "enabled": true
            },
            {
                "viewType": "Calendar",
                "enabled": false
            },
            {
                "viewType": "Dashboard",
                "enabled": false
            },
            {
                "viewType": "Timeline",
                "enabled": false
            },
            {
                "viewType": "Map",
                "enabled": false
            }
        ],
        "background": "blue",
        "backgroundColor": "#0079BF",
        "backgroundImage": null,
        "backgroundTile": false,
        "backgroundBrightness": "dark",
        "sharedSourceUrl": null,
        "backgroundImageScaled": null,
        "backgroundBottomColor": "#0079BF",
        "backgroundTopColor": "#0079BF",
        "canBePublic": true,
        "canBeEnterprise": true,
        "canBeOrg": true,
        "canBePrivate": true,
        "canInvite": true
    },
    "labelNames": {
        "green": "",
        "yellow": "",
        "orange": "",
        "red": "",
        "purple": "",
        "blue": "",
        "sky": "",
        "lime": "",
        "pink": "",
        "black": "",
        "green_dark": "",
        "yellow_dark": "",
        "orange_dark": "",
        "red_dark": "",
        "purple_dark": "",
        "blue_dark": "",
        "sky_dark": "",
        "lime_dark": "",
        "pink_dark": "",
        "black_dark": "",
        "green_light": "",
        "yellow_light": "",
        "orange_light": "",
        "red_light": "",
        "purple_light": "",
        "blue_light": "",
        "sky_light": "",
        "lime_light": "",
        "pink_light": "",
        "black_light": ""
    }
}
