#
# There is insufficient memory for the Java Runtime Environment to continue.
# Native memory allocation (mmap) failed to map 266338304 bytes for G1 virtual space
# Possible reasons:
#   The system is out of physical RAM or swap space
#   The process is running with CompressedOops enabled, and the Java Heap may be blocking the growth of the native heap
# Possible solutions:
#   Reduce memory load on the system
#   Increase physical memory or swap space
#   Check if swap backing store is full
#   Decrease Java heap size (-Xmx/-Xms)
#   Decrease number of Java threads
#   Decrease Java thread stack sizes (-Xss)
#   Set larger code cache with -XX:ReservedCodeCacheSize=
#   JVM is running with Zero Based Compressed Oops mode in which the Java heap is
#     placed in the first 32GB address space. The Java Heap base address is the
#     maximum limit for the native heap growth. Please use -XX:HeapBaseMinAddress
#     to set the Java Heap base and to place the Java Heap above 32GB virtual address.
# This output file may be truncated or incomplete.
#
#  Out of Memory Error (os_windows.cpp:3548), pid=9780, tid=27580
#
# JRE version:  (17.0.10+11) (build )
# Java VM: Java HotSpot(TM) 64-Bit Server VM (17.0.10+11-LTS-240, mixed mode, sharing, tiered, compressed oops, compressed class ptrs, g1 gc, windows-amd64)
# No core dump will be written. Minidumps are not enabled by default on client versions of Windows
#

---------------  S U M M A R Y ------------

Command Line: -ea -Dfile.encoding=UTF-8 -Dstdout.encoding=UTF-8 -Dstderr.encoding=UTF-8 -XX:+ShowCodeDetailsInExceptionMessages org.testng.remote.RemoteTestNG -serport 57523 -protocol json -d D:\synechron_REST_API\Eclipse_WS\Training\test-output C:\Users\Aravind\AppData\Local\Temp\testng-eclipse-140878708\testng-customsuite.xml

Host: Intel(R) Core(TM) i5-8250U CPU @ 1.60GHz, 8 cores, 15G,  Windows 10 , 64 bit Build 17134 (10.0.17134.753)
Time: Sun Apr 21 11:36:40 2024 India Standard Time elapsed time: 0.029890 seconds (0d 0h 0m 0s)

---------------  T H R E A D  ---------------

Current thread (0x00000163a0a2df20):  JavaThread "Unknown thread" [_thread_in_vm, id=27580, stack(0x000000547e200000,0x000000547e300000)]

Stack: [0x000000547e200000,0x000000547e300000]
Native frames: (J=compiled Java code, j=interpreted, Vv=VM code, C=native code)
V  [jvm.dll+0x677a5a]
V  [jvm.dll+0x7d8b2d]
V  [jvm.dll+0x7da48e]
V  [jvm.dll+0x7daaf3]
V  [jvm.dll+0x2455ff]
V  [jvm.dll+0x6749b9]
V  [jvm.dll+0x669382]
V  [jvm.dll+0x302e96]
V  [jvm.dll+0x30a416]
V  [jvm.dll+0x359cbe]
V  [jvm.dll+0x359eef]
V  [jvm.dll+0x2d9e88]
V  [jvm.dll+0x2dadf4]
V  [jvm.dll+0x7aa551]
V  [jvm.dll+0x367911]
V  [jvm.dll+0x789639]
V  [jvm.dll+0x3eb30f]
V  [jvm.dll+0x3ecd91]
C  [jli.dll+0x5297]
C  [ucrtbase.dll+0x1e3fe]
C  [KERNEL32.DLL+0x14034]
C  [ntdll.dll+0x73691]


---------------  P R O C E S S  ---------------

Threads class SMR info:
_java_thread_list=0x00007ffd1cc66a18, length=0, elements={
}

Java Threads: ( => current thread )

Other Threads:
  0x00000163a0a98d60 GCTaskThread "GC Thread#0" [stack: 0x000000547e300000,0x000000547e400000] [id=15100]
  0x00000163a0aaba50 ConcurrentGCThread "G1 Main Marker" [stack: 0x000000547e400000,0x000000547e500000] [id=15388]
  0x00000163a0aac460 ConcurrentGCThread "G1 Conc#0" [stack: 0x000000547e500000,0x000000547e600000] [id=23536]

[error occurred during error reporting (printing all threads), id 0xc0000005, EXCEPTION_ACCESS_VIOLATION (0xc0000005) at pc=0x00007ffd1c49aae7]

VM state: not at safepoint (not fully initialized)

VM Mutex/Monitor currently owned by a thread:  ([mutex/lock_event])
[0x00000163a0a29730] Heap_lock - owner thread: 0x00000163a0a2df20

Heap address: 0x0000000702200000, size: 4062 MB, Compressed Oops mode: Zero based, Oop shift amount: 3

CDS archive(s) mapped at: [0x0000000000000000-0x0000000000000000-0x0000000000000000), size 0, SharedBaseAddress: 0x0000000800000000, ArchiveRelocationMode: 1.
Narrow klass base: 0x0000000000000000, Narrow klass shift: 0, Narrow klass range: 0x0

GC Precious Log:
<Empty>

Heap:
 garbage-first heap   total 0K, used 0K [0x0000000702200000, 0x0000000800000000)
  region size 2048K, 0 young (0K), 0 survivors (0K)

[error occurred during error reporting (printing heap information), id 0xc0000005, EXCEPTION_ACCESS_VIOLATION (0xc0000005) at pc=0x00007ffd1c881249]

GC Heap History (0 events):
No events

Deoptimization events (0 events):
No events

Classes unloaded (0 events):
No events

Classes redefined (0 events):
No events

Internal exceptions (0 events):
No events

VM Operations (0 events):
No events

Events (1 events):
Event: 0.019 Loaded shared library C:\Program Files\Java\jdk-17\bin\java.dll


Dynamic libraries:
0x00007ff771960000 - 0x00007ff771970000 	C:\Program Files\Java\jdk-17\bin\javaw.exe
0x00007ffd5f080000 - 0x00007ffd5f261000 	C:\Windows\SYSTEM32\ntdll.dll
0x00007ffd5ea60000 - 0x00007ffd5eb11000 	C:\Windows\System32\KERNEL32.DLL
0x00007ffd5b6f0000 - 0x00007ffd5b963000 	C:\Windows\System32\KERNELBASE.dll
0x00007ffd5b570000 - 0x00007ffd5b668000 	C:\Windows\System32\ucrtbase.dll
0x00007ffd4b7f0000 - 0x00007ffd4b80b000 	C:\Program Files\Java\jdk-17\bin\VCRUNTIME140.dll
0x00007ffd4b700000 - 0x00007ffd4b719000 	C:\Program Files\Java\jdk-17\bin\jli.dll
0x00007ffd5eb20000 - 0x00007ffd5ebc1000 	C:\Windows\System32\ADVAPI32.dll
0x00007ffd5e4f0000 - 0x00007ffd5e58e000 	C:\Windows\System32\msvcrt.dll
0x00007ffd5eca0000 - 0x00007ffd5ecfb000 	C:\Windows\System32\sechost.dll
0x00007ffd5df10000 - 0x00007ffd5e034000 	C:\Windows\System32\RPCRT4.dll
0x00007ffd5e860000 - 0x00007ffd5e9f0000 	C:\Windows\System32\USER32.dll
0x00007ffd5b4a0000 - 0x00007ffd5b4c0000 	C:\Windows\System32\win32u.dll
0x00007ffd5ebd0000 - 0x00007ffd5ebf8000 	C:\Windows\System32\GDI32.dll
0x00007ffd5c0d0000 - 0x00007ffd5c261000 	C:\Windows\System32\gdi32full.dll
0x00007ffd32d00000 - 0x00007ffd32f69000 	C:\Windows\WinSxS\amd64_microsoft.windows.common-controls_6595b64144ccf1df_6.0.17134.1304_none_d3fbe61b7c93d9f0\COMCTL32.dll
0x00007ffd5c270000 - 0x00007ffd5c30f000 	C:\Windows\System32\msvcp_win.dll
0x00007ffd5e1a0000 - 0x00007ffd5e4c1000 	C:\Windows\System32\combase.dll
0x00007ffd5b670000 - 0x00007ffd5b6e9000 	C:\Windows\System32\bcryptPrimitives.dll
0x00007ffd4ccd0000 - 0x00007ffd4ccda000 	C:\Windows\SYSTEM32\VERSION.dll
0x00007ffd5c5c0000 - 0x00007ffd5c5ed000 	C:\Windows\System32\IMM32.DLL
0x00007ffd54350000 - 0x00007ffd5435c000 	C:\Program Files\Java\jdk-17\bin\vcruntime140_1.dll
0x00007ffd1d6b0000 - 0x00007ffd1d73e000 	C:\Program Files\Java\jdk-17\bin\msvcp140.dll
0x00007ffd1c1b0000 - 0x00007ffd1cd8f000 	C:\Program Files\Java\jdk-17\bin\server\jvm.dll
0x00007ffd5c500000 - 0x00007ffd5c508000 	C:\Windows\System32\PSAPI.DLL
0x00007ffd2f570000 - 0x00007ffd2f579000 	C:\Windows\SYSTEM32\WSOCK32.dll
0x00007ffd5e9f0000 - 0x00007ffd5ea5c000 	C:\Windows\System32\WS2_32.dll
0x00007ffd55c50000 - 0x00007ffd55c73000 	C:\Windows\SYSTEM32\WINMM.dll
0x00007ffd55b40000 - 0x00007ffd55b6a000 	C:\Windows\SYSTEM32\WINMMBASE.dll
0x00007ffd5c080000 - 0x00007ffd5c0c9000 	C:\Windows\System32\cfgmgr32.dll
0x00007ffd5b400000 - 0x00007ffd5b411000 	C:\Windows\System32\kernel.appcore.dll
0x00007ffd3ee80000 - 0x00007ffd3ee8a000 	C:\Program Files\Java\jdk-17\bin\jimage.dll
0x00007ffd56d00000 - 0x00007ffd56ec9000 	C:\Windows\SYSTEM32\DBGHELP.DLL
0x00007ffd4a490000 - 0x00007ffd4a4b9000 	C:\Windows\SYSTEM32\dbgcore.DLL
0x00007ffd33820000 - 0x00007ffd33845000 	C:\Program Files\Java\jdk-17\bin\java.dll

dbghelp: loaded successfully - version: 4.0.5 - missing functions: none
symbol engine: initialized successfully - sym options: 0x614 - pdb path: .;C:\Program Files\Java\jdk-17\bin;C:\Windows\SYSTEM32;C:\Windows\WinSxS\amd64_microsoft.windows.common-controls_6595b64144ccf1df_6.0.17134.1304_none_d3fbe61b7c93d9f0;C:\Program Files\Java\jdk-17\bin\server

VM Arguments:
jvm_args: -ea -Dfile.encoding=UTF-8 -Dstdout.encoding=UTF-8 -Dstderr.encoding=UTF-8 -XX:+ShowCodeDetailsInExceptionMessages 
java_command: org.testng.remote.RemoteTestNG -serport 57523 -protocol json -d D:\synechron_REST_API\Eclipse_WS\Training\test-output C:\Users\Aravind\AppData\Local\Temp\testng-eclipse-140878708\testng-customsuite.xml
java_class_path (initial): D:\Eclipse_software\eclipse\configuration\org.eclipse.osgi\523\0\.cp\lib\testng-remote.jar;D:\synechron_REST_API\Eclipse_WS\Training\target\test-classes;D:\synechron_REST_API\Eclipse_WS\Training\target\classes;C:\Users\Aravind\.m2\repository\io\rest-assured\rest-assured\5.4.0\rest-assured-5.4.0.jar;C:\Users\Aravind\.m2\repository\org\apache\groovy\groovy\4.0.16\groovy-4.0.16.jar;C:\Users\Aravind\.m2\repository\org\apache\groovy\groovy-xml\4.0.16\groovy-xml-4.0.16.jar;C:\Users\Aravind\.m2\repository\org\apache\httpcomponents\httpclient\4.5.13\httpclient-4.5.13.jar;C:\Users\Aravind\.m2\repository\org\apache\httpcomponents\httpcore\4.4.13\httpcore-4.4.13.jar;C:\Users\Aravind\.m2\repository\commons-logging\commons-logging\1.2\commons-logging-1.2.jar;C:\Users\Aravind\.m2\repository\commons-codec\commons-codec\1.11\commons-codec-1.11.jar;C:\Users\Aravind\.m2\repository\org\apache\httpcomponents\httpmime\4.5.13\httpmime-4.5.13.jar;C:\Users\Aravind\.m2\repository\org\hamcrest\hamcrest\2.2\hamcrest-2.2.jar;C:\Users\Aravind\.m2\repository\org\ccil\cowan\tagsoup\tagsoup\1.2.1\tagsoup-1.2.1.jar;C:\Users\Aravind\.m2\repository\io\rest-assured\json-path\5.4.0\json-path-5.4.0.jar;C:\Users\Aravind\.m2\repository\org\apache\groovy\groovy-json\4.0.16\groovy-json-4.0.16.jar;C:\Users\Aravind\.m2\repository\io\rest-assured\rest-assured-common\5.4.0\rest-assured-common-5.4.0.jar;C:\Users\Aravind\.m2\repository\io\rest-assured\xml-path\5.4.0\xml-path-5.4.0.jar;C:\Users\Aravind\.m2\repository\org\apache\commons\commons-lang3\3.11\commons-lang3-3.11.jar;C:\Users\Aravind\.m2\repository\io\rest-assured\json-schema-validator\5.4.0\json-schema-validator-5.4.0.jar;C:\Users\Aravind\.m2\repository\com\github\java-json-tools\json-schema-validator\2.2.14\json-schema-validator-2.2.14.jar;C:\Users\Aravind\.m2\repository\com\github\java-json-tools\jackson-coreutils-equivalence\1.0\jackson-coreutils-equivalence-1.0.jar;C:\Users\Aravind\.m2\repository\com\fasterxml\jackson\co
Launcher Type: SUN_STANDARD

[Global flags]
     intx CICompilerCount                          = 4                                         {product} {ergonomic}
     uint ConcGCThreads                            = 2                                         {product} {ergonomic}
     uint G1ConcRefinementThreads                  = 8                                         {product} {ergonomic}
   size_t G1HeapRegionSize                         = 2097152                                   {product} {ergonomic}
    uintx GCDrainStackTargetSize                   = 64                                        {product} {ergonomic}
   size_t InitialHeapSize                          = 266338304                                 {product} {ergonomic}
   size_t MarkStackSize                            = 4194304                                   {product} {ergonomic}
   size_t MaxHeapSize                              = 4259315712                                {product} {ergonomic}
   size_t MinHeapDeltaBytes                        = 2097152                                   {product} {ergonomic}
   size_t MinHeapSize                              = 8388608                                   {product} {ergonomic}
    uintx NonNMethodCodeHeapSize                   = 5839372                                {pd product} {ergonomic}
    uintx NonProfiledCodeHeapSize                  = 122909434                              {pd product} {ergonomic}
    uintx ProfiledCodeHeapSize                     = 122909434                              {pd product} {ergonomic}
    uintx ReservedCodeCacheSize                    = 251658240                              {pd product} {ergonomic}
     bool SegmentedCodeCache                       = true                                      {product} {ergonomic}
     bool ShowCodeDetailsInExceptionMessages       = true                                   {manageable} {command line}
   size_t SoftMaxHeapSize                          = 4259315712                             {manageable} {ergonomic}
     bool UseCompressedClassPointers               = true                           {product lp64_product} {ergonomic}
     bool UseCompressedOops                        = true                           {product lp64_product} {ergonomic}
     bool UseG1GC                                  = true                                      {product} {ergonomic}
     bool UseLargePagesIndividualAllocation        = false                                  {pd product} {ergonomic}

Logging:
Log output configuration:
 #0: stdout all=warning uptime,level,tags
 #1: stderr all=off uptime,level,tags

Environment Variables:
JAVA_HOME=C:\Program Files\Java\jdk-17
PATH=D:/Eclipse_software/eclipse//plugins/org.eclipse.justj.openjdk.hotspot.jre.full.win32.x86_64_17.0.9.v20231028-0858/jre/bin/server;D:/Eclipse_software/eclipse//plugins/org.eclipse.justj.openjdk.hotspot.jre.full.win32.x86_64_17.0.9.v20231028-0858/jre/bin;C:\Python312\Scripts\;C:\Python312\;C:\Program Files\Common Files\Oracle\Java\javapath;C:\Program Files (x86)\Common Files\Oracle\Java\javapath;C:\Windows\system32;C:\Windows;C:\Windows\System32\Wbem;C:\Windows\System32\WindowsPowerShell\v1.0\;C:\Windows\System32\OpenSSH\;C:\Program Files\Dell\Dell Data Protection\Encryption\;C:\Program Files\Java\jdk1.8.0_201\bin;C:\Program Files (x86)\actiTIME\database\MySQL\bin;C:\Program Files (x86)\QuickTime Alternative\QTSystem;C:\Users\Aravind\AppData\Local\Programs\Python\Python37-32;'C:\Users\Aravind\AppData\Local\Programs\Python\Python37-32\Scripts;C:\ProgramData\chocolatey\bin;C:\Program Files\Git\cmd;C:\Program Files\PuTTY\;C:\Users\Aravind\AppData\Local\Android\Sdk\platform-tools;C:\Users\Aravind\AppData\Local\Android\Sdk\tools;C:\Users\Aravind\AppData\Local\Android\Sdk\tools\bin;D:\Overview\jar\junit-4.12.jar;C:\Users\Aravind\AppData\Local\Android\Sdk\platform-tools;C:\Users\Aravind\AppData\Local\Android\Sdk\tools;C:\Users\Aravind\AppData\Local\Android\Sdk\tools\bin;C:\Program Files\Git\bin;C:\Program Files\Intel\WiFi\bin\;C:\Program Files\Common Files\Intel\WirelessCommon\;C:\Program Files\Docker\Docker\resources\bin;C:\ProgramData\DockerDesktop\version-bin;C:\Program Files\Git\bin\git.exe;D:\Intellipaat\Intellipaat_08_Aug\Eclipse_WS\SeleniumTraining\drivers\IEDriverServer.exe;C:\Program Files\Microsoft VS Code\bin;D:\gradle\gradle-6.9.1\bin;C:\Program Files (x86)\Groovy\Groovy-2.3.4\bin;D:\kubernetes\kubectl.exe;C:\Program Files\Kubernetes\Minikube;D:\ITA\ITAutomation_Nov_21_Batch\Eclipse_WS\actitime\drivers\chromedriver.exe;C:\Program Files (x86)\HP\Common\HPDestPlgIn\;C:\Program Files (x86)\Common Files\Apple\Internet Services\;D:\maven\apache-maven-3.9.6\bin;C:\Pr
USERNAME=Aravind
OS=Windows_NT
PROCESSOR_IDENTIFIER=Intel64 Family 6 Model 142 Stepping 10, GenuineIntel



---------------  S Y S T E M  ---------------

OS:
 Windows 10 , 64 bit Build 17134 (10.0.17134.753)
OS uptime: 3 days 4:30 hours
Hyper-V role detected

CPU: total 8 (initial active 8) (4 cores per cpu, 2 threads per core) family 6 model 142 stepping 10 microcode 0xf4, cx8, cmov, fxsr, ht, mmx, 3dnowpref, sse, sse2, sse3, ssse3, sse4.1, sse4.2, popcnt, lzcnt, tsc, tscinvbit, avx, avx2, aes, erms, clmul, bmi1, bmi2, adx, fma, vzeroupper, clflush, clflushopt, hv

Memory: 4k page, system-wide physical 16242M (4521M free)
TotalPageFile size 22242M (AvailPageFile size 172M)
current process WorkingSet (physical memory assigned to process): 10M, peak: 10M
current process commit charge ("private bytes"): 60M, peak: 314M

vm_info: Java HotSpot(TM) 64-Bit Server VM (17.0.10+11-LTS-240) for windows-amd64 JRE (17.0.10+11-LTS-240), built on Dec 19 2023 21:47:25 by "mach5one" with MS VC++ 17.1 (VS2022)

END.
